00:58:22.991 [main] INFO  TestCases.RevenueCalculatorTest - Browser Launch Successfully.....
00:58:23.047 [main] INFO  TestCases.RevenueCalculatorTest - Title verified successfully....
00:58:23.211 [main] INFO  TestCases.RevenueCalculatorTest - Sucessfully navigate to the RevenueCalculatorPage....
00:58:23.773 [main] INFO  TestCases.RevenueCalculatorTest - scroll to the slider sucessfully....
00:58:25.261 [main] INFO  TestCases.RevenueCalculatorTest - slider moved to the specified value....
00:58:25.711 [main] INFO  TestCases.RevenueCalculatorTest - Clicking the required checkboxes....
00:58:25.782 [main] INFO  TestCases.RevenueCalculatorTest - getting the expected Total recurring value....
00:58:25.799 [main] INFO  TestCases.RevenueCalculatorTest - Header is present and getting the required field....
00:58:25.929 [main] INFO  TestCases.RevenueCalculatorTest - Browser Closed Sucessfully....
00:59:02.313 [main] INFO  TestCases.RevenueCalculatorTest - Browser Launch Successfully.....
00:59:02.357 [main] INFO  TestCases.RevenueCalculatorTest - Title verified successfully....
00:59:02.437 [main] INFO  TestCases.RevenueCalculatorTest - Sucessfully navigate to the RevenueCalculatorPage....
00:59:02.561 [main] INFO  TestCases.RevenueCalculatorTest - scroll to the slider sucessfully....
00:59:04.064 [main] INFO  TestCases.RevenueCalculatorTest - slider moved to the specified value....
00:59:04.573 [main] INFO  TestCases.RevenueCalculatorTest - Clicking the required checkboxes....
00:59:04.660 [main] INFO  TestCases.RevenueCalculatorTest - getting the expected Total recurring value....
00:59:04.678 [main] INFO  TestCases.RevenueCalculatorTest - Header is present and getting the required field....
00:59:04.808 [main] INFO  TestCases.RevenueCalculatorTest - Browser Closed Sucessfully....
01:02:05.106 [main] INFO  TestCases.RevenueCalculatorTest - Browser Launch Successfully.....
01:02:05.153 [main] INFO  TestCases.RevenueCalculatorTest - Title verified successfully....
01:02:05.219 [main] INFO  TestCases.RevenueCalculatorTest - Sucessfully navigate to the RevenueCalculatorPage....
01:02:06.031 [main] INFO  TestCases.RevenueCalculatorTest - scroll to the slider sucessfully....
01:02:07.134 [main] INFO  TestCases.RevenueCalculatorTest - value is updated in the text field....
01:02:07.569 [main] INFO  TestCases.RevenueCalculatorTest - slider moved to the specified value....
01:02:08.044 [main] INFO  TestCases.RevenueCalculatorTest - Clicking the required checkboxes....
01:02:08.116 [main] INFO  TestCases.RevenueCalculatorTest - getting the expected Total recurring value....
01:02:08.134 [main] INFO  TestCases.RevenueCalculatorTest - Header is present and getting the required field....
01:02:08.238 [main] INFO  TestCases.RevenueCalculatorTest - Browser Closed Sucessfully....
01:03:43.983 [main] INFO  TestCases.RevenueCalculatorTest - Browser Launch Successfully.....
01:03:44.038 [main] INFO  TestCases.RevenueCalculatorTest - Title verified successfully....
01:03:44.104 [main] INFO  TestCases.RevenueCalculatorTest - Sucessfully navigate to the RevenueCalculatorPage....
01:03:45.371 [main] INFO  TestCases.RevenueCalculatorTest - scroll to the slider sucessfully....
01:03:47.475 [main] INFO  TestCases.RevenueCalculatorTest - value is updated in the text field....
01:03:47.961 [main] INFO  TestCases.RevenueCalculatorTest - slider moved to the specified value....
01:03:48.414 [main] INFO  TestCases.RevenueCalculatorTest - Clicking the required checkboxes....
01:03:48.484 [main] INFO  TestCases.RevenueCalculatorTest - getting the expected Total recurring value....
01:03:48.503 [main] INFO  TestCases.RevenueCalculatorTest - Header is present and getting the required field....
01:05:05.979 [main] INFO  TestCases.RevenueCalculatorTest - Browser Launch Successfully.....
01:05:06.016 [main] INFO  TestCases.RevenueCalculatorTest - Title verified successfully....
01:05:06.081 [main] INFO  TestCases.RevenueCalculatorTest - Sucessfully navigate to the RevenueCalculatorPage....
01:05:07.086 [main] INFO  TestCases.RevenueCalculatorTest - scroll to the slider sucessfully....
01:05:09.191 [main] INFO  TestCases.RevenueCalculatorTest - value is updated in the text field....
01:05:09.672 [main] INFO  TestCases.RevenueCalculatorTest - Clicking the required checkboxes....
01:05:09.754 [main] INFO  TestCases.RevenueCalculatorTest - getting the expected Total recurring value....
01:05:09.771 [main] INFO  TestCases.RevenueCalculatorTest - Header is present and getting the required field....
01:05:46.515 [main] INFO  TestCases.RevenueCalculatorTest - Browser Launch Successfully.....
01:05:46.557 [main] INFO  TestCases.RevenueCalculatorTest - Title verified successfully....
01:05:46.639 [main] INFO  TestCases.RevenueCalculatorTest - Sucessfully navigate to the RevenueCalculatorPage....
01:05:46.755 [main] INFO  TestCases.RevenueCalculatorTest - scroll to the slider sucessfully....
01:05:48.839 [main] INFO  TestCases.RevenueCalculatorTest - value is updated in the text field....
